# JRE version: Java(TM) SE Runtime Environment (8.0_111-b14) (build 1.8.0_111-b14)
# Java VM: Java HotSpot(TM) 64-Bit Server VM (25.111-b14 mixed mode linux-amd64 compressed oops)
Heap:
 def new generation   total 13632K, used 3495K [0x00000000e0e00000, 0x00000000e1cc0000, 0x00000000eb400000)
  eden space 12160K,  28% used [0x00000000e0e00000, 0x00000000e1169ed0, 0x00000000e19e0000)
  from space 1472K,   0% used [0x00000000e19e0000, 0x00000000e19e0000, 0x00000000e1b50000)
  to   space 1472K,   0% used [0x00000000e1b50000, 0x00000000e1b50000, 0x00000000e1cc0000)
 tenured generation   total 30080K, used 18047K [0x00000000eb400000, 0x00000000ed160000, 0x0000000100000000)
   the space 30080K,  59% used [0x00000000eb400000, 0x00000000ec59fd88, 0x00000000ec59fe00, 0x00000000ed160000)
 Metaspace       used 20578K, capacity 22148K, committed 22320K, reserved 1069056K
  class space    used 2971K, capacity 3266K, committed 3376K, reserved 1048576K
GC Heap History (10 events):
Event: 4,027 GC heap before
{Heap before GC invocations=2 (full 0):
 def new generation   total 9792K, used 9791K [0x00000000e0e00000, 0x00000000e18a0000, 0x00000000eb400000)
  eden space 8704K, 100% used [0x00000000e0e00000, 0x00000000e1680000, 0x00000000e1680000)
  from space 1088K,  99% used [0x00000000e1680000, 0x00000000e178fff8, 0x00000000e1790000)
  to   space 1088K,   0% used [0x00000000e1790000, 0x00000000e1790000, 0x00000000e18a0000)
 tenured generation   total 21888K, used 2271K [0x00000000eb400000, 0x00000000ec960000, 0x0000000100000000)
   the space 21888K,  10% used [0x00000000eb400000, 0x00000000eb637c08, 0x00000000eb637e00, 0x00000000ec960000)
 Metaspace       used 14919K, capacity 15552K, committed 15872K, reserved 1062912K
  class space    used 1997K, capacity 2181K, committed 2304K, reserved 1048576K
Event: 4,048 GC heap after
Heap after GC invocations=3 (full 0):
 def new generation   total 9792K, used 1087K [0x00000000e0e00000, 0x00000000e18a0000, 0x00000000eb400000)
  eden space 8704K,   0% used [0x00000000e0e00000, 0x00000000e0e00000, 0x00000000e1680000)
  from space 1088K,  99% used [0x00000000e1790000, 0x00000000e189fff8, 0x00000000e18a0000)
  to   space 1088K,   0% used [0x00000000e1680000, 0x00000000e1680000, 0x00000000e1790000)
 tenured generation   total 21888K, used 3437K [0x00000000eb400000, 0x00000000ec960000, 0x0000000100000000)
   the space 21888K,  15% used [0x00000000eb400000, 0x00000000eb75b438, 0x00000000eb75b600, 0x00000000ec960000)
 Metaspace       used 14919K, capacity 15552K, committed 15872K, reserved 1062912K
  class space    used 1997K, capacity 2181K, committed 2304K, reserved 1048576K
}
Event: 5,264 GC heap before
{Heap before GC invocations=3 (full 0):
 def new generation   total 9792K, used 9791K [0x00000000e0e00000, 0x00000000e18a0000, 0x00000000eb400000)
  eden space 8704K, 100% used [0x00000000e0e00000, 0x00000000e1680000, 0x00000000e1680000)
  from space 1088K,  99% used [0x00000000e1790000, 0x00000000e189fff8, 0x00000000e18a0000)
  to   space 1088K,   0% used [0x00000000e1680000, 0x00000000e1680000, 0x00000000e1790000)
 tenured generation   total 21888K, used 3437K [0x00000000eb400000, 0x00000000ec960000, 0x0000000100000000)
   the space 21888K,  15% used [0x00000000eb400000, 0x00000000eb75b438, 0x00000000eb75b600, 0x00000000ec960000)
 Metaspace       used 17405K, capacity 18578K, committed 18688K, reserved 1064960K
  class space    used 2522K, capacity 2766K, committed 2816K, reserved 1048576K
Event: 5,299 GC heap after
Heap after GC invocations=4 (full 0):
 def new generation   total 9792K, used 1088K [0x00000000e0e00000, 0x00000000e18a0000, 0x00000000eb400000)
  eden space 8704K,   0% used [0x00000000e0e00000, 0x00000000e0e00000, 0x00000000e1680000)
  from space 1088K, 100% used [0x00000000e1680000, 0x00000000e1790000, 0x00000000e1790000)
  to   space 1088K,   0% used [0x00000000e1790000, 0x00000000e1790000, 0x00000000e18a0000)
 tenured generation   total 21888K, used 4722K [0x00000000eb400000, 0x00000000ec960000, 0x0000000100000000)
   the space 21888K,  21% used [0x00000000eb400000, 0x00000000eb89c9c0, 0x00000000eb89ca00, 0x00000000ec960000)
 Metaspace       used 17405K, capacity 18578K, committed 18688K, reserved 1064960K
  class space    used 2522K, capacity 2766K, committed 2816K, reserved 1048576K
}
Event: 6,115 GC heap before
{Heap before GC invocations=4 (full 0):
 def new generation   total 9792K, used 7459K [0x00000000e0e00000, 0x00000000e18a0000, 0x00000000eb400000)
  eden space 8704K,  73% used [0x00000000e0e00000, 0x00000000e1438e70, 0x00000000e1680000)
  from space 1088K, 100% used [0x00000000e1680000, 0x00000000e1790000, 0x00000000e1790000)
  to   space 1088K,   0% used [0x00000000e1790000, 0x00000000e1790000, 0x00000000e18a0000)
 tenured generation   total 21888K, used 4722K [0x00000000eb400000, 0x00000000ec960000, 0x0000000100000000)
   the space 21888K,  21% used [0x00000000eb400000, 0x00000000eb89c9c0, 0x00000000eb89ca00, 0x00000000ec960000)
 Metaspace       used 18601K, capacity 19852K, committed 20096K, reserved 1067008K
  class space    used 2640K, capacity 2896K, committed 2944K, reserved 1048576K
Event: 6,178 GC heap after
Heap after GC invocations=5 (full 0):
 def new generation   total 9792K, used 1088K [0x00000000e0e00000, 0x00000000e18a0000, 0x00000000eb400000)
  eden space 8704K,   0% used [0x00000000e0e00000, 0x00000000e0e00000, 0x00000000e1680000)
  from space 1088K, 100% used [0x00000000e1790000, 0x00000000e18a0000, 0x00000000e18a0000)
  to   space 1088K,   0% used [0x00000000e1680000, 0x00000000e1680000, 0x00000000e1790000)
 tenured generation   total 21888K, used 6620K [0x00000000eb400000, 0x00000000ec960000, 0x0000000100000000)
   the space 21888K,  30% used [0x00000000eb400000, 0x00000000eba77380, 0x00000000eba77400, 0x00000000ec960000)
 Metaspace       used 18601K, capacity 19852K, committed 20096K, reserved 1067008K
  class space    used 2640K, capacity 2896K, committed 2944K, reserved 1048576K
}
Event: 6,270 GC heap before
{Heap before GC invocations=5 (full 0):
 def new generation   total 9792K, used 9772K [0x00000000e0e00000, 0x00000000e18a0000, 0x00000000eb400000)
  eden space 8704K,  99% used [0x00000000e0e00000, 0x00000000e167b230, 0x00000000e1680000)
  from space 1088K, 100% used [0x00000000e1790000, 0x00000000e18a0000, 0x00000000e18a0000)
  to   space 1088K,   0% used [0x00000000e1680000, 0x00000000e1680000, 0x00000000e1790000)
 tenured generation   total 21888K, used 6620K [0x00000000eb400000, 0x00000000ec960000, 0x0000000100000000)
   the space 21888K,  30% used [0x00000000eb400000, 0x00000000eba77380, 0x00000000eba77400, 0x00000000ec960000)
 Metaspace       used 18792K, capacity 20056K, committed 20352K, reserved 1067008K
  class space    used 2664K, capacity 2900K, committed 2944K, reserved 1048576K
Event: 6,349 GC heap after
Heap after GC invocations=6 (full 0):
 def new generation   total 9792K, used 48K [0x00000000e0e00000, 0x00000000e18a0000, 0x00000000eb400000)
  eden space 8704K,   0% used [0x00000000e0e00000, 0x00000000e0e00000, 0x00000000e1680000)
  from space 1088K,   4% used [0x00000000e1680000, 0x00000000e168c180, 0x00000000e1790000)
  to   space 1088K,   0% used [0x00000000e1790000, 0x00000000e1790000, 0x00000000e18a0000)
 tenured generation   total 21888K, used 15899K [0x00000000eb400000, 0x00000000ec960000, 0x0000000100000000)
   the space 21888K,  72% used [0x00000000eb400000, 0x00000000ec386fb0, 0x00000000ec387000, 0x00000000ec960000)
 Metaspace       used 18792K, capacity 20056K, committed 20352K, reserved 1067008K
  class space    used 2664K, capacity 2900K, committed 2944K, reserved 1048576K
}
Event: 9,141 GC heap before
{Heap before GC invocations=6 (full 0):
 def new generation   total 9792K, used 4863K [0x00000000e0e00000, 0x00000000e18a0000, 0x00000000eb400000)
  eden space 8704K,  55% used [0x00000000e0e00000, 0x00000000e12b3e30, 0x00000000e1680000)
  from space 1088K,   4% used [0x00000000e1680000, 0x00000000e168c180, 0x00000000e1790000)
  to   space 1088K,   0% used [0x00000000e1790000, 0x00000000e1790000, 0x00000000e18a0000)
 tenured generation   total 21888K, used 15899K [0x00000000eb400000, 0x00000000ec960000, 0x0000000100000000)
   the space 21888K,  72% used [0x00000000eb400000, 0x00000000ec386fb0, 0x00000000ec387000, 0x00000000ec960000)
 Metaspace       used 19773K, capacity 21236K, committed 21296K, reserved 1067008K
  class space    used 2803K, capacity 3102K, committed 3120K, reserved 1048576K
Event: 9,250 GC heap after
Heap after GC invocations=7 (full 1):
 def new generation   total 13632K, used 0K [0x00000000e0e00000, 0x00000000e1cc0000, 0x00000000eb400000)
  eden space 12160K,   0% used [0x00000000e0e00000, 0x00000000e0e00000, 0x00000000e19e0000)
  from space 1472K,   0% used [0x00000000e19e0000, 0x00000000e19e0000, 0x00000000e1b50000)
  to   space 1472K,   0% used [0x00000000e1b50000, 0x00000000e1b50000, 0x00000000e1cc0000)
 tenured generation   total 30080K, used 18047K [0x00000000eb400000, 0x00000000ed160000, 0x0000000100000000)
   the space 30080K,  59% used [0x00000000eb400000, 0x00000000ec59fd88, 0x00000000ec59fe00, 0x00000000ed160000)
 Metaspace       used 19773K, capacity 21236K, committed 21296K, reserved 1067008K
  class space    used 2803K, capacity 3102K, committed 3120K, reserved 1048576K
}

